<?xml version="1.0" encoding="UTF-8"?>
<!-- Generated by org.testng.reporters.JUnitReportReporter -->
<testsuite hostname="Windows-PC" failures="0" tests="1" name="com.qa.randomprojects.TestCases.WebElementClick" time="54.853" errors="0" timestamp="24 Nov 2022 13:10:06 GMT">
  <testcase classname="com.qa.randomprojects.TestCases.WebElementClick" name="assertverify" time="54.853"/>
</testsuite> <!-- com.qa.randomprojects.TestCases.WebElementClick -->
