<?xml version="1.0" encoding="UTF-8"?>
<!-- Generated by org.testng.reporters.JUnitReportReporter -->
<testsuite hostname="Windows-PC" failures="0" tests="1" name="com.qa.randomprojects.TestCases.Types_Of_Refresh" time="55.777" errors="0" timestamp="18 Nov 2022 15:23:18 GMT">
  <testcase classname="com.qa.randomprojects.TestCases.Types_Of_Refresh" name="f" time="55.777"/>
</testsuite> <!-- com.qa.randomprojects.TestCases.Types_Of_Refresh -->
