<?xml version="1.0" encoding="UTF-8"?>
<!-- Generated by org.testng.reporters.JUnitReportReporter -->
<testsuite hostname="Windows-PC" failures="0" tests="1" name="com.qa.randomprojects.TestCases.ParameterTest" time="0.031" errors="0" timestamp="27 Nov 2022 09:08:59 GMT">
  <testcase classname="com.qa.randomprojects.TestCases.ParameterTest" name="parameterPass" time="0.031"/>
</testsuite> <!-- com.qa.randomprojects.TestCases.ParameterTest -->
