<?xml version="1.0" encoding="UTF-8"?>
<!-- Generated by org.testng.reporters.JUnitReportReporter -->
<testsuite hostname="Mainuddin-PC" failures="0" tests="1" name="com.qa.randomprojects.TestCases.NaukariTest" time="47.183" errors="0" timestamp="27 Oct 2022 18:41:26 GMT">
  <testcase classname="com.qa.randomprojects.TestCases.NaukariTest" name="naukariProfileUpdate" time="47.183"/>
</testsuite> <!-- com.qa.randomprojects.TestCases.NaukariTest -->
