<?xml version="1.0" encoding="UTF-8"?>
<!-- Generated by org.testng.reporters.JUnitReportReporter -->
<testsuite hostname="Mainuddin-PC" failures="0" tests="3" name="com.qa.randomprojects.TestCases.InvocationTrial" time="66.380" errors="0" timestamp="16 Nov 2022 14:19:23 GMT">
  <testcase classname="com.qa.randomprojects.TestCases.InvocationTrial" name="f" time="19.878"/>
  <testcase classname="com.qa.randomprojects.TestCases.InvocationTrial" name="f" time="25.978"/>
  <testcase classname="com.qa.randomprojects.TestCases.InvocationTrial" name="f" time="20.524"/>
</testsuite> <!-- com.qa.randomprojects.TestCases.InvocationTrial -->
