<?xml version="1.0" encoding="UTF-8"?>
<!-- Generated by org.testng.reporters.JUnitReportReporter -->
<testsuite hostname="Mainuddin-PC" failures="0" tests="1" name="com.qa.randomprojects.TestCases.MySQL_JDBCTest" time="0.891" errors="0" timestamp="16 Nov 2022 17:22:16 GMT">
  <testcase classname="com.qa.randomprojects.TestCases.MySQL_JDBCTest" name="f" time="0.891"/>
</testsuite> <!-- com.qa.randomprojects.TestCases.MySQL_JDBCTest -->
