<?xml version="1.0" encoding="UTF-8"?>
<!-- Generated by org.testng.reporters.JUnitReportReporter -->
<testsuite hostname="Windows-PC" failures="0" tests="1" name="com.qa.randomprojects.TestCases.ExtentDemo" time="17.495" errors="0" timestamp="1 Dec 2022 15:53:22 GMT">
  <testcase classname="com.qa.randomprojects.TestCases.ExtentDemo" name="f" time="17.495"/>
</testsuite> <!-- com.qa.randomprojects.TestCases.ExtentDemo -->
