<?xml version="1.0" encoding="UTF-8"?>
<!-- Generated by org.testng.reporters.JUnitReportReporter -->
<testsuite hostname="Mainuddin-PC" failures="0" tests="3" name="com.qa.randomprojects.TestCases.Object_DataProvider" time="0.026" errors="0" timestamp="18 Nov 2022 07:15:34 GMT">
  <testcase classname="com.qa.randomprojects.TestCases.Object_DataProvider" name="data_Fetch" time="0.001"/>
  <testcase classname="com.qa.randomprojects.TestCases.Object_DataProvider" name="data_Fetch" time="0.024"/>
  <testcase classname="com.qa.randomprojects.TestCases.Object_DataProvider" name="data_Fetch" time="0.001"/>
</testsuite> <!-- com.qa.randomprojects.TestCases.Object_DataProvider -->
