<?xml version="1.0" encoding="UTF-8"?>
<!-- Generated by org.testng.reporters.JUnitReportReporter -->
<testsuite hostname="Mainuddin-PC" failures="0" tests="1" name="com.qa.randomprojects.TestCases.SingleColumData" time="5.669" errors="0" timestamp="18 Nov 2022 03:31:27 GMT">
  <testcase classname="com.qa.randomprojects.TestCases.SingleColumData" name="fetch_Single_Colum" time="5.669"/>
</testsuite> <!-- com.qa.randomprojects.TestCases.SingleColumData -->
