<?xml version="1.0" encoding="UTF-8"?>
<!-- Generated by org.testng.reporters.JUnitReportReporter -->
<testsuite hostname="Mainuddin-PC" failures="0" tests="1" name="com.qa.randomprojects.TestCases.RandomTest" time="45.703" errors="0" timestamp="26 Oct 2022 16:39:02 GMT">
  <testcase classname="com.qa.randomprojects.TestCases.RandomTest" name="f" time="45.703"/>
</testsuite> <!-- com.qa.randomprojects.TestCases.RandomTest -->
