<?xml version="1.0" encoding="UTF-8"?>
<!-- Generated by org.testng.reporters.JUnitReportReporter -->
<testsuite hostname="Windows-PC" failures="0" tests="1" name="com.qa.randomprojects.TestCases.Log4jTest" time="9.183" errors="0" timestamp="1 Dec 2022 15:57:21 GMT">
  <testcase classname="com.qa.randomprojects.TestCases.Log4jTest" name="log4jTest" time="9.183"/>
</testsuite> <!-- com.qa.randomprojects.TestCases.Log4jTest -->
